PS C:\Proyectos\BrandFunnel> .\generar-favicons.ps1
๐ Generando archivos de iconos...
  โ Creado: favicon-16x16.png
  โ Creado: favicon-32x32.png
  โ Creado: favicon-96x96.png
  โ Creado: apple-icon-57x57.png
  โ Creado: apple-icon-60x60.png
  โ Creado: apple-icon-72x72.png
  โ Creado: apple-icon-76x76.png
  โ Creado: apple-icon-114x114.png
  โ Creado: apple-icon-120x120.png
  โ Creado: apple-icon-144x144.png
  โ Creado: apple-icon-152x152.png
  โ Creado: apple-icon-180x180.png
  โ Creado: ms-icon-144x144.png
  โ Creado: android-icon-192x192.png
  โ Creado: android-icon-512x512.png
  โ Creado: site.webmanifest

โ Todos los archivos de iconos generados en: C:\Proyectos\BrandFunnel\assets\icon
โ๏ธ  IMPORTANTE: Los .png son placeholders de texto.
   Reemplazar con imรกgenes reales antes de producciรณn.
PS C:\Proyectos\BrandFunnel>